Change Physical Footprint: Designator=B1 Old Footprint=LDM13488MI New Footprint=LDM13488MI
Change Physical Footprint: Designator=B2 Old Footprint=LDM13488MI New Footprint=LDM13488MI
Change Physical Footprint: Designator=B3 Old Footprint=LDM13488MI New Footprint=LDM13488MI
Change Physical Footprint: Designator=B4 Old Footprint=LDM13488MI New Footprint=LDM13488MI
Change Physical Footprint: Designator=C1 Old Footprint=FP-CL21-IPC_C New Footprint=FP-CL21-IPC_C
Change Physical Footprint: Designator=C2 Old Footprint=FP-CC0603-DC-MFG New Footprint=FP-CC0603-DC-MFG
Change Physical Footprint: Designator=C3 Old Footprint=FP-1206-L_3_2_0_15-W_1_6-IPC_A New Footprint=FP-1206-L_3_2_0_15-W_1_6-IPC_A
Change Physical Footprint: Designator=C4 Old Footprint=FP-1206-L_3_2_0_15-W_1_6-IPC_A New Footprint=FP-1206-L_3_2_0_15-W_1_6-IPC_A
Change Physical Footprint: Designator=C5 Old Footprint=FP-CL21-IPC_B New Footprint=FP-CL21-IPC_B
Change Physical Footprint: Designator=C6 Old Footprint=FP-CL21-IPC_B New Footprint=FP-CL21-IPC_B
Change Physical Footprint: Designator=C7 Old Footprint=FP-1206-L_3_2_0_15-W_1_6-IPC_A New Footprint=FP-1206-L_3_2_0_15-W_1_6-IPC_A
Change Physical Footprint: Designator=C8 Old Footprint=FP-1206-L_3_2_0_15-W_1_6-IPC_A New Footprint=FP-1206-L_3_2_0_15-W_1_6-IPC_A
Change Physical Footprint: Designator=C9 Old Footprint=FP-1206-L_3_2_0_15-W_1_6-IPC_A New Footprint=FP-1206-L_3_2_0_15-W_1_6-IPC_A
Change Physical Footprint: Designator=C10 Old Footprint=FP-1206-L_3_2_0_15-W_1_6-IPC_A New Footprint=FP-1206-L_3_2_0_15-W_1_6-IPC_A
Change Physical Footprint: Designator=C11 Old Footprint=FP-1206-L_3_2_0_15-W_1_6-IPC_A New Footprint=FP-1206-L_3_2_0_15-W_1_6-IPC_A
Change Physical Footprint: Designator=C12 Old Footprint=FP-CGA3E-0_3-0_1-IPC_A New Footprint=FP-CGA3E-0_3-0_1-IPC_A
Change Physical Footprint: Designator=C13 Old Footprint=CAPC1608X92X38NL15T08 New Footprint=CAPC1608X92X38NL15T08
Change Physical Footprint: Designator=C14 Old Footprint=FP-1206-L_3_2_0_15-W_1_6-IPC_A New Footprint=FP-1206-L_3_2_0_15-W_1_6-IPC_A
Change Physical Footprint: Designator=C15 Old Footprint=FP-CL21-IPC_B New Footprint=FP-CL21-IPC_B
Change Physical Footprint: Designator=C16 Old Footprint=FP-C0402-BB-MFG New Footprint=FP-C0402-BB-MFG
Change Physical Footprint: Designator=F1 Old Footprint=FP-MF-R050-MFG New Footprint=FP-MF-R050-MFG
Change Physical Footprint: Designator=J1 Old Footprint=632723130112 New Footprint=632723130112
Change Physical Footprint: Designator=LS1 Old Footprint=FP-POM-2738P-R-MFG New Footprint=FP-POM-2738P-R-MFG
Change Physical Footprint: Designator=P1 Old Footprint=61300411021 New Footprint=61300411021
Change Physical Footprint: Designator=P2 Old Footprint=61300411021 New Footprint=61300411021
Change Physical Footprint: Designator=R1 Old Footprint=RESC1206(3216)_M New Footprint=RESC1206(3216)_M
Change Physical Footprint: Designator=R2 Old Footprint=RESC1206(3216)_M New Footprint=RESC1206(3216)_M
Change Physical Footprint: Designator=R3 Old Footprint=FP-CR2010-IPC_C New Footprint=FP-CR2010-IPC_C
Change Physical Footprint: Designator=R4 Old Footprint=RESC1206(3216)_M New Footprint=RESC1206(3216)_M
Change Physical Footprint: Designator=R5 Old Footprint=RESC1206(3216)_M New Footprint=RESC1206(3216)_M
Change Physical Footprint: Designator=R6 Old Footprint=MCA 1206_VIS New Footprint=MCA 1206_VIS
Change Physical Footprint: Designator=R7 Old Footprint=FP-CRCW0603-HPe3-IPC_A New Footprint=FP-CRCW0603-HPe3-IPC_A
Change Physical Footprint: Designator=R8 Old Footprint=MCA 1206_VIS New Footprint=MCA 1206_VIS
Change Physical Footprint: Designator=R9 Old Footprint=RESC2010(5025)_L New Footprint=RESC2010(5025)_L
Change Physical Footprint: Designator=R10 Old Footprint=FP-CRCW0603-HPe3-IPC_A New Footprint=FP-CRCW0603-HPe3-IPC_A
Change Physical Footprint: Designator=R11 Old Footprint=RESC1206(3216)_M New Footprint=RESC1206(3216)_M
Change Physical Footprint: Designator=R12 Old Footprint=FP-RT1206-MFG New Footprint=FP-RT1206-MFG
Change Physical Footprint: Designator=U1 Old Footprint=FP-AMS1117-IPC_C New Footprint=FP-AMS1117-IPC_C
Change Physical Footprint: Designator=U2 Old Footprint=FP-SOT762-1-MFG New Footprint=FP-SOT762-1-MFG
Change Physical Footprint: Designator=U3 Old Footprint=SOIC127P1032X265-24N New Footprint=SOIC127P1032X265-24N
Change Physical Footprint: Designator=U4 Old Footprint=SOIC127P1032X265-24N New Footprint=SOIC127P1032X265-24N
Change Physical Footprint: Designator=U5 Old Footprint=SOP65P640X120-20N New Footprint=SOP65P640X120-20N
Change Physical Footprint: Designator=U6 Old Footprint=SOIC127P1032X265-24N New Footprint=SOIC127P1032X265-24N
Change Physical Footprint: Designator=U7 Old Footprint=SOIC127P1032X265-24N New Footprint=SOIC127P1032X265-24N
Change Physical Footprint: Designator=U8 Old Footprint=SOT65P210X110-5N New Footprint=SOT65P210X110-5N
