Added Component: Designator=C1(FP-CL21-IPC_C)
Added Component: Designator=C2(FP-CC0603-DC-MFG)
Added Component: Designator=C3(FP-1206-L_3_2_0_15-W_1_6-IPC_A)
Added Component: Designator=C4(FP-1206-L_3_2_0_15-W_1_6-IPC_A)
Added Component: Designator=C5(FP-CL21-IPC_B)
Added Component: Designator=C6(FP-CL21-IPC_B)
Added Component: Designator=C7(CAPC1206(3216)110_M)
Added Component: Designator=C8(FP-1206-L_3_2_0_15-W_1_6-IPC_A)
Added Component: Designator=C9(FP-1206-L_3_2_0_15-W_1_6-IPC_A)
Added Component: Designator=C10(FP-1206-L_3_2_0_15-W_1_6-IPC_A)
Added Component: Designator=C11(FP-1206-L_3_2_0_15-W_1_6-IPC_A)
Added Component: Designator=C12(FP-CGA3E-0_3-0_1-IPC_A)
Added Component: Designator=C13(CAPC1608X92X38NL15T08)
Added Component: Designator=C14(FP-1206-L_3_2_0_15-W_1_6-IPC_A)
Added Component: Designator=C15(FP-CL21-IPC_B)
Added Component: Designator=C16(FP-C0402-BB-MFG)
Added Component: Designator=DS1(DISPLAY_TA08-81GWA)
Add component (AddParameter): Name = "Availability"; Value = "Not in stock"; VariantName = "[No Variations]"
Add component (AddParameter): Name = "Check_prices"; Value = "https://www.snapeda.com/parts/TA08-81GWA/Kingbright/view-part/?ref=eda"; VariantName = "[No Variations]"
Add component (AddParameter): Name = "MF"; Value = "Kingbright"; VariantName = "[No Variations]"
Add component (AddParameter): Name = "MP"; Value = "TA08-81GWA"; VariantName = "[No Variations]"
Add component (AddParameter): Name = "Package"; Value = "DIP-16 Kingbright"; VariantName = "[No Variations]"
Add component (AddParameter): Name = "Price"; Value = "None"; VariantName = "[No Variations]"
Add component (AddParameter): Name = "SnapEDA_Link"; Value = "https://www.snapeda.com/parts/TA08-81GWA/Kingbright/view-part/?ref=snap"; VariantName = "[No Variations]"
Add component (AddParameter): Name = "Value"; Value = ""; VariantName = "[No Variations]"
Added Component: Designator=DS2(DISPLAY_TA08-81GWA)
Add component (AddParameter): Name = "Availability"; Value = "Not in stock"; VariantName = "[No Variations]"
Add component (AddParameter): Name = "Check_prices"; Value = "https://www.snapeda.com/parts/TA08-81GWA/Kingbright/view-part/?ref=eda"; VariantName = "[No Variations]"
Add component (AddParameter): Name = "MF"; Value = "Kingbright"; VariantName = "[No Variations]"
Add component (AddParameter): Name = "MP"; Value = "TA08-81GWA"; VariantName = "[No Variations]"
Add component (AddParameter): Name = "Package"; Value = "DIP-16 Kingbright"; VariantName = "[No Variations]"
Add component (AddParameter): Name = "Price"; Value = "None"; VariantName = "[No Variations]"
Add component (AddParameter): Name = "SnapEDA_Link"; Value = "https://www.snapeda.com/parts/TA08-81GWA/Kingbright/view-part/?ref=snap"; VariantName = "[No Variations]"
Add component (AddParameter): Name = "Value"; Value = ""; VariantName = "[No Variations]"
Added Component: Designator=DS3(DISPLAY_TA08-81GWA)
Add component (AddParameter): Name = "Availability"; Value = "Not in stock"; VariantName = "[No Variations]"
Add component (AddParameter): Name = "Check_prices"; Value = "https://www.snapeda.com/parts/TA08-81GWA/Kingbright/view-part/?ref=eda"; VariantName = "[No Variations]"
Add component (AddParameter): Name = "MF"; Value = "Kingbright"; VariantName = "[No Variations]"
Add component (AddParameter): Name = "MP"; Value = "TA08-81GWA"; VariantName = "[No Variations]"
Add component (AddParameter): Name = "Package"; Value = "DIP-16 Kingbright"; VariantName = "[No Variations]"
Add component (AddParameter): Name = "Price"; Value = "None"; VariantName = "[No Variations]"
Add component (AddParameter): Name = "SnapEDA_Link"; Value = "https://www.snapeda.com/parts/TA08-81GWA/Kingbright/view-part/?ref=snap"; VariantName = "[No Variations]"
Add component (AddParameter): Name = "Value"; Value = ""; VariantName = "[No Variations]"
Added Component: Designator=DS4(DISPLAY_TA08-81GWA)
Add component (AddParameter): Name = "Availability"; Value = "Not in stock"; VariantName = "[No Variations]"
Add component (AddParameter): Name = "Check_prices"; Value = "https://www.snapeda.com/parts/TA08-81GWA/Kingbright/view-part/?ref=eda"; VariantName = "[No Variations]"
Add component (AddParameter): Name = "MF"; Value = "Kingbright"; VariantName = "[No Variations]"
Add component (AddParameter): Name = "MP"; Value = "TA08-81GWA"; VariantName = "[No Variations]"
Add component (AddParameter): Name = "Package"; Value = "DIP-16 Kingbright"; VariantName = "[No Variations]"
Add component (AddParameter): Name = "Price"; Value = "None"; VariantName = "[No Variations]"
Add component (AddParameter): Name = "SnapEDA_Link"; Value = "https://www.snapeda.com/parts/TA08-81GWA/Kingbright/view-part/?ref=snap"; VariantName = "[No Variations]"
Add component (AddParameter): Name = "Value"; Value = ""; VariantName = "[No Variations]"
Added Component: Designator=F1(FP-MF-R050-MFG)
Added Component: Designator=J1(632723130112)
Added Component: Designator=LS1(FP-POM-2738P-R-MFG)
Added Component: Designator=P1(61300411021)
Added Component: Designator=P2(61300411021)
Added Component: Designator=R1(RESC1206(3216)_M)
Added Component: Designator=R2(RESC1206(3216)_M)
Added Component: Designator=R3(FP-CR2010-IPC_C)
Added Component: Designator=R4(RESC1206(3216)_M)
Added Component: Designator=R5(RESC1206(3216)_M)
Added Component: Designator=R6(MCA 1206_VIS)
Added Component: Designator=R7(FP-CRCW0603-HPe3-IPC_A)
Added Component: Designator=R8(MCA 1206_VIS)
Added Component: Designator=R9(RESC2010(5025)_L)
Added Component: Designator=R10(FP-CRCW0603-HPe3-IPC_A)
Added Component: Designator=R11(RESC1206(3216)_M)
Added Component: Designator=R12(FP-RT1206-MFG)
Added Component: Designator=U1(FP-AMS1117-IPC_C)
Added Component: Designator=U2(FP-SOT762-1-MFG)
Added Component: Designator=U3(SOIC127P1032X265-24N)
Add component (AddParameter): Name = "Check_prices"; Value = "https://www.snapeda.com/parts/MAX7219CWG+/Analog+Devices/view-part/?ref=eda"; VariantName = "[No Variations]"
Add component (AddParameter): Name = "MF"; Value = "Analog Devices"; VariantName = "[No Variations]"
Add component (AddParameter): Name = "MP"; Value = "MAX7219CWG+"; VariantName = "[No Variations]"
Add component (AddParameter): Name = "Package"; Value = "SOIC-24 Maxim"; VariantName = "[No Variations]"
Add component (AddParameter): Name = "SnapEDA_Link"; Value = "https://www.snapeda.com/parts/MAX7219CWG+/Analog+Devices/view-part/?ref=snap"; VariantName = "[No Variations]"
Add component (AddParameter): Name = "Value"; Value = ""; VariantName = "[No Variations]"
Added Component: Designator=U4(SOIC127P1032X265-24N)
Add component (AddParameter): Name = "Check_prices"; Value = "https://www.snapeda.com/parts/MAX7219CWG+/Analog+Devices/view-part/?ref=eda"; VariantName = "[No Variations]"
Add component (AddParameter): Name = "MF"; Value = "Analog Devices"; VariantName = "[No Variations]"
Add component (AddParameter): Name = "MP"; Value = "MAX7219CWG+"; VariantName = "[No Variations]"
Add component (AddParameter): Name = "Package"; Value = "SOIC-24 Maxim"; VariantName = "[No Variations]"
Add component (AddParameter): Name = "SnapEDA_Link"; Value = "https://www.snapeda.com/parts/MAX7219CWG+/Analog+Devices/view-part/?ref=snap"; VariantName = "[No Variations]"
Add component (AddParameter): Name = "Value"; Value = ""; VariantName = "[No Variations]"
Added Component: Designator=U5(SOP65P640X120-20N)
Add component (AddParameter): Name = "Check_prices"; Value = "https://www.snapeda.com/parts/STM8S103F3P6/STMicroelectronics/view-part/?ref=eda"; VariantName = "[No Variations]"
Add component (AddParameter): Name = "MF"; Value = "STMicroelectronics"; VariantName = "[No Variations]"
Add component (AddParameter): Name = "MP"; Value = "STM8S103F3P6"; VariantName = "[No Variations]"
Add component (AddParameter): Name = "Package"; Value = "TSSOP-20 STMicroelectronics"; VariantName = "[No Variations]"
Add component (AddParameter): Name = "SnapEDA_Link"; Value = "https://www.snapeda.com/parts/STM8S103F3P6/STMicroelectronics/view-part/?ref=snap"; VariantName = "[No Variations]"
Add component (AddParameter): Name = "Value"; Value = ""; VariantName = "[No Variations]"
Added Component: Designator=U6(SOIC127P1032X265-24N)
Add component (AddParameter): Name = "Check_prices"; Value = "https://www.snapeda.com/parts/MAX7219CWG+/Analog+Devices/view-part/?ref=eda"; VariantName = "[No Variations]"
Add component (AddParameter): Name = "MF"; Value = "Analog Devices"; VariantName = "[No Variations]"
Add component (AddParameter): Name = "MP"; Value = "MAX7219CWG+"; VariantName = "[No Variations]"
Add component (AddParameter): Name = "Package"; Value = "SOIC-24 Maxim"; VariantName = "[No Variations]"
Add component (AddParameter): Name = "SnapEDA_Link"; Value = "https://www.snapeda.com/parts/MAX7219CWG+/Analog+Devices/view-part/?ref=snap"; VariantName = "[No Variations]"
Add component (AddParameter): Name = "Value"; Value = ""; VariantName = "[No Variations]"
Added Component: Designator=U7(SOIC127P1032X265-24N)
Add component (AddParameter): Name = "Check_prices"; Value = "https://www.snapeda.com/parts/MAX7219CWG+/Analog+Devices/view-part/?ref=eda"; VariantName = "[No Variations]"
Add component (AddParameter): Name = "MF"; Value = "Analog Devices"; VariantName = "[No Variations]"
Add component (AddParameter): Name = "MP"; Value = "MAX7219CWG+"; VariantName = "[No Variations]"
Add component (AddParameter): Name = "Package"; Value = "SOIC-24 Maxim"; VariantName = "[No Variations]"
Add component (AddParameter): Name = "SnapEDA_Link"; Value = "https://www.snapeda.com/parts/MAX7219CWG+/Analog+Devices/view-part/?ref=snap"; VariantName = "[No Variations]"
Add component (AddParameter): Name = "Value"; Value = ""; VariantName = "[No Variations]"
Added Component: Designator=U8(SOT65P210X110-5N)
Add component (AddParameter): Name = "Check_prices"; Value = "https://www.snapeda.com/parts/MAX4466EXK+T/Analog+Devices/view-part/?ref=eda"; VariantName = "[No Variations]"
Add component (AddParameter): Name = "MF"; Value = "Analog Devices"; VariantName = "[No Variations]"
Add component (AddParameter): Name = "MP"; Value = "MAX4466EXK+T"; VariantName = "[No Variations]"
Add component (AddParameter): Name = "Package"; Value = "SC-70-5 Maxim"; VariantName = "[No Variations]"
Add component (AddParameter): Name = "SnapEDA_Link"; Value = "https://www.snapeda.com/parts/MAX4466EXK+T/Analog+Devices/view-part/?ref=snap"; VariantName = "[No Variations]"
Add component (AddParameter): Name = "Value"; Value = ""; VariantName = "[No Variations]"
Added Net: Name=+3V3
Added Pin To Net: NetName=3V3 Pin=U5-9
Added Net: Name=3V3
Added Pin To Net: NetName=5V Pin=U3-19
Added Pin To Net: NetName=5V Pin=U4-19
Added Pin To Net: NetName=5V Pin=U6-19
Added Pin To Net: NetName=5V Pin=U7-19
Added Net: Name=5V
Added Pin To Net: NetName=DOUT Pin=U4-24
Added Pin To Net: NetName=DOUT Pin=U6-1
Added Net: Name=DOUT
Added Pin To Net: NetName=GND Pin=U3-4
Added Pin To Net: NetName=GND Pin=U3-9
Added Pin To Net: NetName=GND Pin=U4-4
Added Pin To Net: NetName=GND Pin=U4-9
Added Pin To Net: NetName=GND Pin=U5-7
Added Pin To Net: NetName=GND Pin=U6-4
Added Pin To Net: NetName=GND Pin=U6-9
Added Pin To Net: NetName=GND Pin=U7-4
Added Pin To Net: NetName=GND Pin=U7-9
Added Net: Name=GND
Added Pin To Net: NetName=K1_2 Pin=DS2-9
Added Pin To Net: NetName=K1_2 Pin=U4-2
Added Net: Name=K1_2
Added Pin To Net: NetName=K1_3 Pin=DS3-9
Added Pin To Net: NetName=K1_3 Pin=U6-2
Added Net: Name=K1_3
Added Pin To Net: NetName=K1_4 Pin=DS4-9
Added Pin To Net: NetName=K1_4 Pin=U7-2
Added Net: Name=K1_4
Added Pin To Net: NetName=K1 Pin=DS1-9
Added Pin To Net: NetName=K1 Pin=U3-2
Added Net: Name=K1
Added Pin To Net: NetName=K2_2 Pin=DS2-14
Added Pin To Net: NetName=K2_2 Pin=U4-11
Added Net: Name=K2_2
Added Pin To Net: NetName=K2_3 Pin=DS3-14
Added Pin To Net: NetName=K2_3 Pin=U6-11
Added Net: Name=K2_3
Added Pin To Net: NetName=K2_4 Pin=DS4-14
Added Pin To Net: NetName=K2_4 Pin=U7-11
Added Net: Name=K2_4
Added Pin To Net: NetName=K2 Pin=DS1-14
Added Pin To Net: NetName=K2 Pin=U3-11
Added Net: Name=K2
Added Pin To Net: NetName=K3_2 Pin=DS2-8
Added Pin To Net: NetName=K3_2 Pin=U4-6
Added Net: Name=K3_2
Added Pin To Net: NetName=K3_4 Pin=DS4-8
Added Pin To Net: NetName=K3_4 Pin=U7-6
Added Net: Name=K3_4
Added Pin To Net: NetName=K3 Pin=DS1-8
Added Pin To Net: NetName=K3 Pin=U3-6
Added Net: Name=K3
Added Pin To Net: NetName=K4_2 Pin=DS2-12
Added Pin To Net: NetName=K4_2 Pin=U4-7
Added Net: Name=K4_2
Added Pin To Net: NetName=K4_3 Pin=DS3-12
Added Pin To Net: NetName=K4_3 Pin=U6-7
Added Net: Name=K4_3
Added Pin To Net: NetName=K4_4 Pin=DS4-12
Added Pin To Net: NetName=K4_4 Pin=U7-7
Added Net: Name=K4_4
Added Pin To Net: NetName=K4 Pin=DS1-12
Added Pin To Net: NetName=K4 Pin=U3-7
Added Net: Name=K4
Added Pin To Net: NetName=K5_2 Pin=DS2-1
Added Pin To Net: NetName=K5_2 Pin=U4-3
Added Net: Name=K5_2
Added Pin To Net: NetName=K5_3 Pin=DS3-1
Added Pin To Net: NetName=K5_3 Pin=U6-3
Added Net: Name=K5_3
Added Pin To Net: NetName=K5_4 Pin=DS4-1
Added Pin To Net: NetName=K5_4 Pin=U7-3
Added Net: Name=K5_4
Added Pin To Net: NetName=K5 Pin=DS1-1
Added Pin To Net: NetName=K5 Pin=U3-3
Added Net: Name=K5
Added Pin To Net: NetName=K6_2 Pin=DS2-7
Added Pin To Net: NetName=K6_2 Pin=U4-10
Added Net: Name=K6_2
Added Pin To Net: NetName=K6_3 Pin=DS3-7
Added Pin To Net: NetName=K6_3 Pin=U6-10
Added Net: Name=K6_3
Added Pin To Net: NetName=K6_4 Pin=DS4-7
Added Pin To Net: NetName=K6_4 Pin=U7-10
Added Net: Name=K6_4
Added Pin To Net: NetName=K6 Pin=DS1-7
Added Pin To Net: NetName=K6 Pin=U3-10
Added Net: Name=K6
Added Pin To Net: NetName=K7_2 Pin=DS2-2
Added Pin To Net: NetName=K7_2 Pin=U4-5
Added Net: Name=K7_2
Added Pin To Net: NetName=K7_3 Pin=DS3-2
Added Pin To Net: NetName=K7_3 Pin=U6-5
Added Net: Name=K7_3
Added Pin To Net: NetName=K7_4 Pin=DS4-2
Added Pin To Net: NetName=K7_4 Pin=U7-5
Added Net: Name=K7_4
Added Pin To Net: NetName=K7 Pin=DS1-2
Added Pin To Net: NetName=K7 Pin=U3-5
Added Net: Name=K7
Added Pin To Net: NetName=K8_2 Pin=DS2-5
Added Pin To Net: NetName=K8_2 Pin=U4-8
Added Net: Name=K8_2
Added Pin To Net: NetName=K8_3 Pin=DS3-5
Added Pin To Net: NetName=K8_3 Pin=U6-8
Added Net: Name=K8_3
Added Pin To Net: NetName=K8_4 Pin=DS4-5
Added Pin To Net: NetName=K8_4 Pin=U7-8
Added Net: Name=K8_4
Added Pin To Net: NetName=K8 Pin=DS1-5
Added Pin To Net: NetName=K8 Pin=U3-8
Added Net: Name=K8
Added Pin To Net: NetName=K33_3 Pin=DS3-8
Added Pin To Net: NetName=K33_3 Pin=U6-6
Added Net: Name=K33_3
Added Pin To Net: NetName=LOAD_H Pin=U3-12
Added Pin To Net: NetName=LOAD_H Pin=U4-12
Added Pin To Net: NetName=LOAD_H Pin=U6-12
Added Pin To Net: NetName=LOAD_H Pin=U7-12
Added Net: Name=LOAD_H
Added Pin To Net: NetName=LOAD Pin=U5-10
Added Net: Name=LOAD
Added Pin To Net: NetName=Mic_OUT Pin=U5-14
Added Net: Name=Mic_OUT
Added Pin To Net: NetName=MOSI_H Pin=U3-1
Added Net: Name=MOSI_H
Added Pin To Net: NetName=MOSI Pin=U5-16
Added Net: Name=MOSI
Added Pin To Net: NetName=NetC7_2 Pin=U5-8
Added Net: Name=NetC7_2
Added Net: Name=NetC10_1
Added Pin To Net: NetName=NetC11_2 Pin=U8-5
Added Net: Name=NetC11_2
Added Net: Name=NetC12_1
Added Pin To Net: NetName=NetC12_2 Pin=U8-1
Added Net: Name=NetC12_2
Added Pin To Net: NetName=NetC14_1 Pin=U8-2
Added Net: Name=NetC14_1
Added Net: Name=NetC15_1
Added Pin To Net: NetName=NetC16_1 Pin=U8-3
Added Net: Name=NetC16_1
Added Pin To Net: NetName=NetC16_2 Pin=U8-4
Added Net: Name=NetC16_2
Added Net: Name=NetF1_1
Added Pin To Net: NetName=NetR1_1 Pin=U3-18
Added Net: Name=NetR1_1
Added Pin To Net: NetName=NetR2_1 Pin=U4-18
Added Net: Name=NetR2_1
Added Pin To Net: NetName=NetR4_1 Pin=U6-18
Added Net: Name=NetR4_1
Added Pin To Net: NetName=NetR5_2 Pin=U7-18
Added Net: Name=NetR5_2
Added Pin To Net: NetName=NetU3_24 Pin=U3-24
Added Pin To Net: NetName=NetU3_24 Pin=U4-1
Added Net: Name=NetU3_24
Added Pin To Net: NetName=NetU6_24 Pin=U6-24
Added Pin To Net: NetName=NetU6_24 Pin=U7-1
Added Net: Name=NetU6_24
Added Pin To Net: NetName=NRST Pin=U5-4
Added Net: Name=NRST
Added Pin To Net: NetName=RX Pin=U5-3
Added Net: Name=RX
Added Pin To Net: NetName=SCK_H Pin=U3-13
Added Pin To Net: NetName=SCK_H Pin=U4-13
Added Pin To Net: NetName=SCK_H Pin=U6-13
Added Pin To Net: NetName=SCK_H Pin=U7-13
Added Net: Name=SCK_H
Added Pin To Net: NetName=SCK Pin=U5-15
Added Net: Name=SCK
Added Pin To Net: NetName=SWIM Pin=U5-18
Added Net: Name=SWIM
Added Pin To Net: NetName=TX Pin=U5-2
Added Net: Name=TX
Added Pin To Net: NetName=À1_2 Pin=DS2-13
Added Pin To Net: NetName=À1_2 Pin=U4-14
Added Net: Name=À1_2
Added Pin To Net: NetName=À1_3 Pin=DS3-13
Added Pin To Net: NetName=À1_3 Pin=U6-14
Added Net: Name=À1_3
Added Pin To Net: NetName=À1_4 Pin=DS4-13
Added Pin To Net: NetName=À1_4 Pin=U7-14
Added Net: Name=À1_4
Added Pin To Net: NetName=À1 Pin=DS1-13
Added Pin To Net: NetName=À1 Pin=U3-14
Added Net: Name=À1
Added Pin To Net: NetName=À2_2 Pin=DS2-3
Added Pin To Net: NetName=À2_2 Pin=U4-16
Added Net: Name=À2_2
Added Pin To Net: NetName=À2_3 Pin=DS3-3
Added Pin To Net: NetName=À2_3 Pin=U6-16
Added Net: Name=À2_3
Added Pin To Net: NetName=À2_4 Pin=DS4-3
Added Pin To Net: NetName=À2_4 Pin=U7-16
Added Net: Name=À2_4
Added Pin To Net: NetName=À2 Pin=DS1-3
Added Pin To Net: NetName=À2 Pin=U3-16
Added Net: Name=À2
Added Pin To Net: NetName=À3_2 Pin=DS2-4
Added Pin To Net: NetName=À3_2 Pin=U4-20
Added Net: Name=À3_2
Added Pin To Net: NetName=À3_3 Pin=DS3-4
Added Pin To Net: NetName=À3_3 Pin=U6-20
Added Net: Name=À3_3
Added Pin To Net: NetName=À3_4 Pin=DS4-4
Added Pin To Net: NetName=À3_4 Pin=U7-20
Added Net: Name=À3_4
Added Pin To Net: NetName=À3 Pin=DS1-4
Added Pin To Net: NetName=À3 Pin=U3-20
Added Net: Name=À3
Added Pin To Net: NetName=À4_2 Pin=DS2-10
Added Pin To Net: NetName=À4_2 Pin=U4-23
Added Net: Name=À4_2
Added Pin To Net: NetName=À4_3 Pin=DS3-10
Added Pin To Net: NetName=À4_3 Pin=U6-23
Added Net: Name=À4_3
Added Pin To Net: NetName=À4_4 Pin=DS4-10
Added Pin To Net: NetName=À4_4 Pin=U7-23
Added Net: Name=À4_4
Added Pin To Net: NetName=À4 Pin=DS1-10
Added Pin To Net: NetName=À4 Pin=U3-23
Added Net: Name=À4
Added Pin To Net: NetName=À5_2 Pin=DS2-6
Added Pin To Net: NetName=À5_2 Pin=U4-22
Added Net: Name=À5_2
Added Pin To Net: NetName=À5_3 Pin=DS3-6
Added Pin To Net: NetName=À5_3 Pin=U6-22
Added Net: Name=À5_3
Added Pin To Net: NetName=À5_4 Pin=DS4-6
Added Pin To Net: NetName=À5_4 Pin=U7-22
Added Net: Name=À5_4
Added Pin To Net: NetName=À5 Pin=DS1-6
Added Pin To Net: NetName=À5 Pin=U3-22
Added Net: Name=À5
Added Pin To Net: NetName=À6_2 Pin=DS2-11
Added Pin To Net: NetName=À6_2 Pin=U4-21
Added Net: Name=À6_2
Added Pin To Net: NetName=À6_3 Pin=DS3-11
Added Pin To Net: NetName=À6_3 Pin=U6-21
Added Net: Name=À6_3
Added Pin To Net: NetName=À6_4 Pin=DS4-11
Added Pin To Net: NetName=À6_4 Pin=U7-21
Added Net: Name=À6_4
Added Pin To Net: NetName=À6 Pin=DS1-11
Added Pin To Net: NetName=À6 Pin=U3-21
Added Net: Name=À6
Added Pin To Net: NetName=À7_2 Pin=DS2-15
Added Pin To Net: NetName=À7_2 Pin=U4-15
Added Net: Name=À7_2
Added Pin To Net: NetName=À7_3 Pin=DS3-15
Added Pin To Net: NetName=À7_3 Pin=U6-15
Added Net: Name=À7_3
Added Pin To Net: NetName=À7_4 Pin=DS4-15
Added Pin To Net: NetName=À7_4 Pin=U7-15
Added Net: Name=À7_4
Added Pin To Net: NetName=À7 Pin=DS1-15
Added Pin To Net: NetName=À7 Pin=U3-15
Added Net: Name=À7
Added Pin To Net: NetName=À8_2 Pin=DS2-16
Added Pin To Net: NetName=À8_2 Pin=U4-17
Added Net: Name=À8_2
Added Pin To Net: NetName=À8_3 Pin=DS3-16
Added Pin To Net: NetName=À8_3 Pin=U6-17
Added Net: Name=À8_3
Added Pin To Net: NetName=À8_4 Pin=DS4-16
Added Pin To Net: NetName=À8_4 Pin=U7-17
Added Net: Name=À8_4
Added Pin To Net: NetName=À8 Pin=DS1-16
Added Pin To Net: NetName=À8 Pin=U3-17
Added Net: Name=À8
Added Class: Name=ASA
Added Rule: Name=Schematic Supply Nets
Added Rule: Name=Schematic Supply Nets_1
Added Rule: Name=Schematic Supply Nets_2
Added Rule: Name=Schematic Supply Nets_3
