Removed Pin From Net: NetName=GND Pin=U1-1
Removed Pin From Net: NetName=3V3 Pin=U1-2
Removed Pin From Net: NetName=3V3 Pin=U1-4
Removed Pin From Net: NetName=D_P Pin=U8-5
Removed Pin From Net: NetName=D_N Pin=U8-6
Change Component Footprint: Designator=U1 Old Footprint=AMS1117-3.3 New Footprint=AP2112K-3.3TRG1
Change Component Comment : Designator=U1 Old Comment=AMS1117-3.3 New Comment=AP2112K-3.3TRG1
Change Component Designator: OldDesignator=C4 NewDesignator=C5
Change Component Designator: OldDesignator=C5 NewDesignator=C7
Change Component Designator: OldDesignator=C6 NewDesignator=C8
Change Component Designator: OldDesignator=C7 NewDesignator=C9
Change Component Designator: OldDesignator=C8 NewDesignator=C10
Change Component Designator: OldDesignator=C9 NewDesignator=C11
Change Component Designator: OldDesignator=C10 NewDesignator=C13
Change Component Designator: OldDesignator=C11 NewDesignator=C14
Change Component Designator: OldDesignator=C12 NewDesignator=C15
Change Component Designator: OldDesignator=C13 NewDesignator=C16
Change Component Designator: OldDesignator=C14 NewDesignator=C17
Change Component Designator: OldDesignator=C15 NewDesignator=C18
Change Component Designator: OldDesignator=C16 NewDesignator=C19
Change Component Designator: OldDesignator=C17 NewDesignator=C20
Change Component Designator: OldDesignator=C18 NewDesignator=C21
Change Component Designator: OldDesignator=C19 NewDesignator=C22
Change Component Designator: OldDesignator=R6 NewDesignator=R10
Change Component Designator: OldDesignator=R7 NewDesignator=R8
Change Component Designator: OldDesignator=R8 NewDesignator=R9
Change Component Designator: OldDesignator=R9 NewDesignator=R11
Change Component Designator: OldDesignator=R10 NewDesignator=R12
Change Component Designator: OldDesignator=R11 NewDesignator=R13
Change Component Designator: OldDesignator=R12 NewDesignator=R14
Change Component Designator: OldDesignator=R13 NewDesignator=R15
Change Component Designator: OldDesignator=R14 NewDesignator=R16
Change Component Designator: OldDesignator=U8 NewDesignator=U9
Change Component Designator: OldDesignator=U9 NewDesignator=U10
Change Component Designator: OldDesignator=U10 NewDesignator=U11
Change Component Designator: OldDesignator=U11 NewDesignator=U12
Change Component Designator: OldDesignator=U12 NewDesignator=U13
Change component parameters: Designator = "C4" ("C5"); Footprint = "Cap_1206"; UniqueID = "\VQADBMLU" ("\VQADBMLU")
Change component parameters (AddParameter): Name = "Value"; Value = "10u"; VariantName = "[No Variations]"
Added Component: Designator=C4(Cap_1206)
Add component (AddParameter): Name = "Value"; Value = "1u"; VariantName = "[No Variations]"
Added Component: Designator=C6(Cap_1206)
Add component (AddParameter): Name = "Value"; Value = "1u"; VariantName = "[No Variations]"
Added Component: Designator=C12(Cap_1206)
Add component (AddParameter): Name = "Value"; Value = "100n"; VariantName = "[No Variations]"
Added Component: Designator=R6(Res_1206)
Add component (AddParameter): Name = "Value"; Value = "22"; VariantName = "[No Variations]"
Added Component: Designator=R7(Res_1206)
Add component (AddParameter): Name = "Value"; Value = "22"; VariantName = "[No Variations]"
Added Component: Designator=U8(ESD USBLC6-2SC6)
Added Pin To Net: NetName=GND Pin=C4-1
Added Pin To Net: NetName=5V Pin=C4-2
Added Pin To Net: NetName=GND Pin=C6-1
Added Pin To Net: NetName=3V3 Pin=C6-2
Added Pin To Net: NetName=GND Pin=C12-1
Added Pin To Net: NetName=5V Pin=C12-2
Added Pin To Net: NetName=5V Pin=U1-1
Added Pin To Net: NetName=GND Pin=U1-2
Added Pin To Net: NetName=3V3 Pin=U1-5
Added Pin To Net: NetName=D_P Pin=U5-B6
Added Pin To Net: NetName=D_N Pin=U5-B7
Added Pin To Net: NetName=D_P Pin=U8-1
Added Pin To Net: NetName=GND Pin=U8-2
Added Pin To Net: NetName=D_N Pin=U8-3
Added Pin To Net: NetName=5V Pin=U8-5
Change Net Name : Old Net Name=NetC9_1 New Net Name=NetC11_1
Change Net Name : Old Net Name=NetC14_1 New Net Name=NetC17_1
Change Net Name : Old Net Name=NetC15_2 New Net Name=NetC18_2
Change Net Name : Old Net Name=NetC17_1 New Net Name=NetC20_1
Change Net Name : Old Net Name=NetC17_2 New Net Name=NetC20_2
Change Net Name : Old Net Name=NetC18_1 New Net Name=NetC21_1
Change Net Name : Old Net Name=NetC19_2 New Net Name=NetC22_2
Change Net Name : Old Net Name=NetR7_2 New Net Name=NetR8_2
Change Net Name : Old Net Name=NetR8_2 New Net Name=NetR9_2
Change Net Name : Old Net Name=NetU9_24 New Net Name=NetU10_24
Added Pin To Net: NetName=D_CH340C_N Pin=R7-2
Added Pin To Net: NetName=D_CH340C_N Pin=U9-6
Added Net: Name=D_CH340C_N
Added Pin To Net: NetName=D_CH340C_P Pin=R6-2
Added Pin To Net: NetName=D_CH340C_P Pin=U9-5
Added Net: Name=D_CH340C_P
Added Pin To Net: NetName=NetR6_1 Pin=R6-1
Added Pin To Net: NetName=NetR6_1 Pin=U8-6
Added Net: Name=NetR6_1
Added Pin To Net: NetName=NetR7_1 Pin=R7-1
Added Pin To Net: NetName=NetR7_1 Pin=U8-4
Added Net: Name=NetR7_1
Added Member To Class: ClassName=ASA Member=Component C20 Cap_1206
Added Member To Class: ClassName=ASA Member=Component C21 Cap_1206
Added Member To Class: ClassName=ASA Member=Component C22 Cap_1206
Added Member To Class: ClassName=ASA Member=Component R15 Res_1206
Added Member To Class: ClassName=ASA Member=Component R16 Res_1206
Added Member To Class: ClassName=ASA Member=Component U13 MAX4466
