Removed Pin From Net: NetName=GND Pin=C13-2
Removed Pin From Net: NetName=3V3 Pin=P2-1
Removed Pin From Net: NetName=TX Pin=P2-2
Removed Pin From Net: NetName=RX Pin=P2-3
Removed Pin From Net: NetName=GND Pin=P2-4
Removed Member From Class: ClassName=ASA Member=P2
Change Component Designator: OldDesignator=C5 NewDesignator=C12
Change Component Designator: OldDesignator=C6 NewDesignator=C13
Change Component Designator: OldDesignator=C7 NewDesignator=C10
Change Component Designator: OldDesignator=C8 NewDesignator=C14
Change Component Designator: OldDesignator=C9 NewDesignator=C11
Change Component Designator: OldDesignator=C10 NewDesignator=C15
Change Component Designator: OldDesignator=C11 NewDesignator=C16
Change Component Designator: OldDesignator=C12 NewDesignator=C17
Change Component Designator: OldDesignator=C14 NewDesignator=C19
Change Component Designator: OldDesignator=C15 NewDesignator=C18
Change Component Designator: OldDesignator=C16 NewDesignator=C5
Change Component Designator: OldDesignator=C17 NewDesignator=C6
Change Component Designator: OldDesignator=C18 NewDesignator=C7
Change Component Designator: OldDesignator=U4 NewDesignator=U5
Change Component Designator: OldDesignator=U5 NewDesignator=U4
Change Component Designator: OldDesignator=U8 NewDesignator=U11
Change Component Designator: OldDesignator=U11 NewDesignator=U12
Added Component: Designator=C8(Cap_1206)
Add component (AddParameter): Name = "Value"; Value = "100n"; VariantName = "[No Variations]"
Added Component: Designator=C9(Cap_1206)
Add component (AddParameter): Name = "Value"; Value = "100n"; VariantName = "[No Variations]"
Added Component: Designator=U8(CH340C)
Added Pin To Net: NetName=3V3 Pin=C4-2
Added Pin To Net: NetName=GND Pin=C8-1
Added Pin To Net: NetName=5V Pin=C8-2
Added Pin To Net: NetName=GND Pin=C9-2
Added Pin To Net: NetName=GND Pin=C16-2
Added Pin To Net: NetName=3V3 Pin=U1-2
Added Pin To Net: NetName=3V3 Pin=U1-4
Added Pin To Net: NetName=GND Pin=U8-1
Added Pin To Net: NetName=TX Pin=U8-2
Added Pin To Net: NetName=RX Pin=U8-3
Added Pin To Net: NetName=5V Pin=U8-16
Added Pin To Net: NetName=GND Pin=U12-2
Added Pin To Net: NetName=5V Pin=U12-5
Change Net Name : Old Net Name=NetC8_1 New Net Name=NetC14_1
Change Net Name : Old Net Name=NetC10_2 New Net Name=NetC15_2
Change Net Name : Old Net Name=NetC12_1 New Net Name=NetC17_1
Change Net Name : Old Net Name=NetC12_2 New Net Name=NetC17_2
Change Net Name : Old Net Name=NetC14_2 New Net Name=NetC19_2
Change Net Name : Old Net Name=NetC15_1 New Net Name=NetC18_1
Added Pin To Net: NetName=D_N Pin=U5-A7
Added Pin To Net: NetName=D_N Pin=U8-6
Added Net: Name=D_N
Added Pin To Net: NetName=D_P Pin=U5-A6
Added Pin To Net: NetName=D_P Pin=U8-5
Added Net: Name=D_P
Added Pin To Net: NetName=NetC9_1 Pin=C9-1
Added Pin To Net: NetName=NetC9_1 Pin=U8-4
Added Net: Name=NetC9_1
Added Differential Pair: Name=D
Added Member To Class: ClassName=ASA Member=Component C19 Cap_1206
Added Member To Class: ClassName=ASA Member=Component DS1 1088AS
Added Member To Class: ClassName=ASA Member=Component DS2 1088AS
Added Member To Class: ClassName=ASA Member=Component DS3 1088AS
Added Member To Class: ClassName=ASA Member=Component DS4 1088AS
Added Member To Class: ClassName=ASA Member=Component U12 MAX4466
